This is pdfTeX, Version 3.141592653-2.6-1.40.24 (TeX Live 2022) (preloaded format=pdflatex 2022.6.14)  21 SEP 2022 09:59
entering extended mode
 restricted \write18 enabled.
 file:line:error style messages enabled.
 %&-line parsing enabled.
**PhaseCANN.tex
(./PhaseCANN.tex
LaTeX2e <2021-11-15> patch level 1
L3 programming layer <2022-02-24> (./elsarticle.cls
Document Class: elsarticle 2020/11/20, 3.3: Elsevier Ltd
(/usr/local/texlive/2022/texmf-dist/tex/latex/l3kernel/expl3.sty
Package: expl3 2022-02-24 L3 programming layer (loader) 
 (/usr/local/texlive/2022/texmf-dist/tex/latex/l3backend/l3backend-pdftex.def
File: l3backend-pdftex.def 2022-02-07 L3 backend support: PDF output (pdfTeX)
\l__color_backend_stack_int=\count185
\l__pdf_internal_box=\box50
)) (/usr/local/texlive/2022/texmf-dist/tex/latex/l3packages/xparse/xparse.sty
Package: xparse 2022-01-12 L3 Experimental document command parser
) (/usr/local/texlive/2022/texmf-dist/tex/latex/etoolbox/etoolbox.sty
Package: etoolbox 2020/10/05 v2.5k e-TeX tools for LaTeX (JAW)
\etb@tempcnta=\count186
)
\@bls=\dimen138
 (/usr/local/texlive/2022/texmf-dist/tex/latex/base/article.cls
Document Class: article 2021/10/04 v1.4n Standard LaTeX document class
(/usr/local/texlive/2022/texmf-dist/tex/latex/base/size12.clo
File: size12.clo 2021/10/04 v1.4n Standard LaTeX file (size option)
)
\c@part=\count187
\c@section=\count188
\c@subsection=\count189
\c@subsubsection=\count190
\c@paragraph=\count191
\c@subparagraph=\count192
\c@figure=\count193
\c@table=\count194
\abovecaptionskip=\skip47
\belowcaptionskip=\skip48
\bibindent=\dimen139
) (/usr/local/texlive/2022/texmf-dist/tex/latex/graphics/graphicx.sty
Package: graphicx 2021/09/16 v1.2d Enhanced LaTeX Graphics (DPC,SPQR)
 (/usr/local/texlive/2022/texmf-dist/tex/latex/graphics/keyval.sty
Package: keyval 2014/10/28 v1.15 key=value parser (DPC)
\KV@toks@=\toks16
) (/usr/local/texlive/2022/texmf-dist/tex/latex/graphics/graphics.sty
Package: graphics 2021/03/04 v1.4d Standard LaTeX Graphics (DPC,SPQR)
 (/usr/local/texlive/2022/texmf-dist/tex/latex/graphics/trig.sty
Package: trig 2021/08/11 v1.11 sin cos tan (DPC)
) (/usr/local/texlive/2022/texmf-dist/tex/latex/graphics-cfg/graphics.cfg
File: graphics.cfg 2016/06/04 v1.11 sample graphics configuration
)
Package graphics Info: Driver file: pdftex.def on input line 107.
 (/usr/local/texlive/2022/texmf-dist/tex/latex/graphics-def/pdftex.def
File: pdftex.def 2020/10/05 v1.2a Graphics/color driver for pdftex
))
\Gin@req@height=\dimen140
\Gin@req@width=\dimen141
)
\c@tnote=\count195
\c@fnote=\count196
\c@cnote=\count197
\c@ead=\count198
\c@author=\count199
\@eadauthor=\toks17
\c@affn=\count266
\absbox=\box51
\elsarticlehighlightsbox=\box52
\elsarticlegrabsbox=\box53
\keybox=\box54
\Columnwidth=\dimen142
\space@left=\dimen143
\els@boxa=\box55
\els@boxb=\box56
\leftMargin=\dimen144
\@enLab=\toks18
\@sep=\skip49
\@@sep=\skip50
 (/Users/wisdom/Desktop/PhaseCANN/.texpadtmp/PhaseCANN.spl) (/usr/local/texlive/2022/texmf-dist/tex/latex/natbib/natbib.sty
Package: natbib 2010/09/13 8.31b (PWD, AO)
\bibhang=\skip51
\bibsep=\skip52
LaTeX Info: Redefining \cite on input line 694.
\c@NAT@ctr=\count267
)
\splwrite=\write3
\openout3 = `PhaseCANN.spl'.

\appnamewidth=\dimen145
) (/usr/local/texlive/2022/texmf-dist/tex/latex/amsfonts/amssymb.sty
Package: amssymb 2013/01/14 v3.01 AMS font symbols
 (/usr/local/texlive/2022/texmf-dist/tex/latex/amsfonts/amsfonts.sty
Package: amsfonts 2013/01/14 v3.01 Basic AMSFonts support
\@emptytoks=\toks19
\symAMSa=\mathgroup4
\symAMSb=\mathgroup5
LaTeX Font Info:    Redeclaring math symbol \hbar on input line 98.
LaTeX Font Info:    Overwriting math alphabet `\mathfrak' in version `bold'
(Font)                  U/euf/m/n --> U/euf/b/n on input line 106.
)) (/usr/local/texlive/2022/texmf-dist/tex/latex/amsmath/amsmath.sty
Package: amsmath 2021/10/15 v2.17l AMS math features
\@mathmargin=\skip53

For additional information on amsmath, use the `?' option.
(/usr/local/texlive/2022/texmf-dist/tex/latex/amsmath/amstext.sty
Package: amstext 2021/08/26 v2.01 AMS text
 (/usr/local/texlive/2022/texmf-dist/tex/latex/amsmath/amsgen.sty
File: amsgen.sty 1999/11/30 v2.0 generic functions
\@emptytoks=\toks20
\ex@=\dimen146
)) (/usr/local/texlive/2022/texmf-dist/tex/latex/amsmath/amsbsy.sty
Package: amsbsy 1999/11/29 v1.2d Bold Symbols
\pmbraise@=\dimen147
) (/usr/local/texlive/2022/texmf-dist/tex/latex/amsmath/amsopn.sty
Package: amsopn 2021/08/26 v2.02 operator names
)
\inf@bad=\count268
LaTeX Info: Redefining \frac on input line 234.
\uproot@=\count269
\leftroot@=\count270
LaTeX Info: Redefining \overline on input line 399.
\classnum@=\count271
\DOTSCASE@=\count272
LaTeX Info: Redefining \ldots on input line 496.
LaTeX Info: Redefining \dots on input line 499.
LaTeX Info: Redefining \cdots on input line 620.
\Mathstrutbox@=\box57
\strutbox@=\box58
\big@size=\dimen148
LaTeX Font Info:    Redeclaring font encoding OML on input line 743.
LaTeX Font Info:    Redeclaring font encoding OMS on input line 744.
\macc@depth=\count273
\c@MaxMatrixCols=\count274
\dotsspace@=\muskip16
\c@parentequation=\count275
\dspbrk@lvl=\count276
\tag@help=\toks21
\row@=\count277
\column@=\count278
\maxfields@=\count279
\andhelp@=\toks22
\eqnshift@=\dimen149
\alignsep@=\dimen150
\tagshift@=\dimen151
\tagwidth@=\dimen152
\totwidth@=\dimen153
\lineht@=\dimen154
\@envbody=\toks23
\multlinegap=\skip54
\multlinetaggap=\skip55
\mathdisplay@stack=\toks24
LaTeX Info: Redefining \[ on input line 2938.
LaTeX Info: Redefining \] on input line 2939.
) (/usr/local/texlive/2022/texmf-dist/tex/latex/tools/bm.sty
Package: bm 2021/04/25 v1.2e Bold Symbol Support (DPC/FMi)
\symboldoperators=\mathgroup6
\symboldletters=\mathgroup7
\symboldsymbols=\mathgroup8
Package bm Info: No bold for \OMX/cmex/m/n, using \pmb.
Package bm Info: No bold for \U/msa/m/n, using \pmb.
Package bm Info: No bold for \U/msb/m/n, using \pmb.
LaTeX Font Info:    Redeclaring math alphabet \mathbf on input line 149.
) (/usr/local/texlive/2022/texmf-dist/tex/latex/easyreview/easyReview.sty
Package: easyReview 2014/06/27 Package for Easy Review on LaTeX documents
Package: easyReview 2013/12/09 Package for Easy Review on LaTeX documents
 (/usr/local/texlive/2022/texmf-dist/tex/generic/soul/soul.sty
Package: soul 2003/11/17 v2.4 letterspacing/underlining (mf)
\SOUL@word=\toks25
\SOUL@lasttoken=\toks26
\SOUL@cmds=\toks27
\SOUL@buffer=\toks28
\SOUL@token=\toks29
\SOUL@spaceskip=\skip56
\SOUL@ttwidth=\dimen155
\SOUL@uldp=\dimen156
\SOUL@ulht=\dimen157
) (/usr/local/texlive/2022/texmf-dist/tex/latex/xcolor/xcolor.sty
Package: xcolor 2021/10/31 v2.13 LaTeX color extensions (UK)
 (/usr/local/texlive/2022/texmf-dist/tex/latex/graphics-cfg/color.cfg
File: color.cfg 2016/01/02 v1.6 sample color configuration
)
Package xcolor Info: Driver file: pdftex.def on input line 227.
Package xcolor Info: Model `cmy' substituted by `cmy0' on input line 1352.
Package xcolor Info: Model `hsb' substituted by `rgb' on input line 1356.
Package xcolor Info: Model `RGB' extended on input line 1368.
Package xcolor Info: Model `HTML' substituted by `rgb' on input line 1370.
Package xcolor Info: Model `Hsb' substituted by `hsb' on input line 1371.
Package xcolor Info: Model `tHsb' substituted by `hsb' on input line 1372.
Package xcolor Info: Model `HSB' substituted by `hsb' on input line 1373.
Package xcolor Info: Model `Gray' substituted by `gray' on input line 1374.
Package xcolor Info: Model `wave' substituted by `hsb' on input line 1375.
) (/usr/local/texlive/2022/texmf-dist/tex/latex/todonotes/todonotes.sty
Package: todonotes 2021/06/04 v1.1.5 Todonotes source and documentation.
Package: todonotes 2021/06/04
 (/usr/local/texlive/2022/texmf-dist/tex/latex/base/ifthen.sty
Package: ifthen 2020/11/24 v1.1c Standard LaTeX ifthen package (DPC)
) (/usr/local/texlive/2022/texmf-dist/tex/latex/xkeyval/xkeyval.sty
Package: xkeyval 2020/11/20 v2.8 package option processing (HA)
 (/usr/local/texlive/2022/texmf-dist/tex/generic/xkeyval/xkeyval.tex (/usr/local/texlive/2022/texmf-dist/tex/generic/xkeyval/xkvutils.tex
\XKV@toks=\toks30
\XKV@tempa@toks=\toks31
)
\XKV@depth=\count280
File: xkeyval.tex 2014/12/03 v2.7a key=value parser (HA)
)) (/usr/local/texlive/2022/texmf-dist/tex/latex/pgf/frontendlayer/tikz.sty (/usr/local/texlive/2022/texmf-dist/tex/latex/pgf/basiclayer/pgf.sty (/usr/local/texlive/2022/texmf-dist/tex/latex/pgf/utilities/pgfrcs.sty (/usr/local/texlive/2022/texmf-dist/tex/generic/pgf/utilities/pgfutil-common.tex
\pgfutil@everybye=\toks32
\pgfutil@tempdima=\dimen158
\pgfutil@tempdimb=\dimen159
 (/usr/local/texlive/2022/texmf-dist/tex/generic/pgf/utilities/pgfutil-common-lists.tex)) (/usr/local/texlive/2022/texmf-dist/tex/generic/pgf/utilities/pgfutil-latex.def
\pgfutil@abb=\box59
) (/usr/local/texlive/2022/texmf-dist/tex/generic/pgf/utilities/pgfrcs.code.tex (/usr/local/texlive/2022/texmf-dist/tex/generic/pgf/pgf.revision.tex)
Package: pgfrcs 2021/05/15 v3.1.9a (3.1.9a)
))
Package: pgf 2021/05/15 v3.1.9a (3.1.9a)
 (/usr/local/texlive/2022/texmf-dist/tex/latex/pgf/basiclayer/pgfcore.sty (/usr/local/texlive/2022/texmf-dist/tex/latex/pgf/systemlayer/pgfsys.sty (/usr/local/texlive/2022/texmf-dist/tex/generic/pgf/systemlayer/pgfsys.code.tex
Package: pgfsys 2021/05/15 v3.1.9a (3.1.9a)
 (/usr/local/texlive/2022/texmf-dist/tex/generic/pgf/utilities/pgfkeys.code.tex
\pgfkeys@pathtoks=\toks33
\pgfkeys@temptoks=\toks34
 (/usr/local/texlive/2022/texmf-dist/tex/generic/pgf/utilities/pgfkeysfiltered.code.tex
\pgfkeys@tmptoks=\toks35
))
\pgf@x=\dimen160
\pgf@y=\dimen161
\pgf@xa=\dimen162
\pgf@ya=\dimen163
\pgf@xb=\dimen164
\pgf@yb=\dimen165
\pgf@xc=\dimen166
\pgf@yc=\dimen167
\pgf@xd=\dimen168
\pgf@yd=\dimen169
\w@pgf@writea=\write4
\r@pgf@reada=\read2
\c@pgf@counta=\count281
\c@pgf@countb=\count282
\c@pgf@countc=\count283
\c@pgf@countd=\count284
\t@pgf@toka=\toks36
\t@pgf@tokb=\toks37
\t@pgf@tokc=\toks38
\pgf@sys@id@count=\count285
 (/usr/local/texlive/2022/texmf-dist/tex/generic/pgf/systemlayer/pgf.cfg
File: pgf.cfg 2021/05/15 v3.1.9a (3.1.9a)
)
Driver file for pgf: pgfsys-pdftex.def

(/usr/local/texlive/2022/texmf-dist/tex/generic/pgf/systemlayer/pgfsys-pdftex.def
File: pgfsys-pdftex.def 2021/05/15 v3.1.9a (3.1.9a)
 (/usr/local/texlive/2022/texmf-dist/tex/generic/pgf/systemlayer/pgfsys-common-pdf.def
File: pgfsys-common-pdf.def 2021/05/15 v3.1.9a (3.1.9a)
))) (/usr/local/texlive/2022/texmf-dist/tex/generic/pgf/systemlayer/pgfsyssoftpath.code.tex
File: pgfsyssoftpath.code.tex 2021/05/15 v3.1.9a (3.1.9a)
\pgfsyssoftpath@smallbuffer@items=\count286
\pgfsyssoftpath@bigbuffer@items=\count287
) (/usr/local/texlive/2022/texmf-dist/tex/generic/pgf/systemlayer/pgfsysprotocol.code.tex
File: pgfsysprotocol.code.tex 2021/05/15 v3.1.9a (3.1.9a)
)) (/usr/local/texlive/2022/texmf-dist/tex/generic/pgf/basiclayer/pgfcore.code.tex
Package: pgfcore 2021/05/15 v3.1.9a (3.1.9a)
 (/usr/local/texlive/2022/texmf-dist/tex/generic/pgf/math/pgfmath.code.tex (/usr/local/texlive/2022/texmf-dist/tex/generic/pgf/math/pgfmathcalc.code.tex (/usr/local/texlive/2022/texmf-dist/tex/generic/pgf/math/pgfmathutil.code.tex) (/usr/local/texlive/2022/texmf-dist/tex/generic/pgf/math/pgfmathparser.code.tex
\pgfmath@dimen=\dimen170
\pgfmath@count=\count288
\pgfmath@box=\box60
\pgfmath@toks=\toks39
\pgfmath@stack@operand=\toks40
\pgfmath@stack@operation=\toks41
) (/usr/local/texlive/2022/texmf-dist/tex/generic/pgf/math/pgfmathfunctions.code.tex (/usr/local/texlive/2022/texmf-dist/tex/generic/pgf/math/pgfmathfunctions.basic.code.tex) (/usr/local/texlive/2022/texmf-dist/tex/generic/pgf/math/pgfmathfunctions.trigonometric.code.tex) (/usr/local/texlive/2022/texmf-dist/tex/generic/pgf/math/pgfmathfunctions.random.code.tex) (/usr/local/texlive/2022/texmf-dist/tex/generic/pgf/math/pgfmathfunctions.comparison.code.tex) (/usr/local/texlive/2022/texmf-dist/tex/generic/pgf/math/pgfmathfunctions.base.code.tex) (/usr/local/texlive/2022/texmf-dist/tex/generic/pgf/math/pgfmathfunctions.round.code.tex) (/usr/local/texlive/2022/texmf-dist/tex/generic/pgf/math/pgfmathfunctions.misc.code.tex) (/usr/local/texlive/2022/texmf-dist/tex/generic/pgf/math/pgfmathfunctions.integerarithmetics.code.tex))) (/usr/local/texlive/2022/texmf-dist/tex/generic/pgf/math/pgfmathfloat.code.tex
\c@pgfmathroundto@lastzeros=\count289
)) (/usr/local/texlive/2022/texmf-dist/tex/generic/pgf/math/pgfint.code.tex) (/usr/local/texlive/2022/texmf-dist/tex/generic/pgf/basiclayer/pgfcorepoints.code.tex
File: pgfcorepoints.code.tex 2021/05/15 v3.1.9a (3.1.9a)
\pgf@picminx=\dimen171
\pgf@picmaxx=\dimen172
\pgf@picminy=\dimen173
\pgf@picmaxy=\dimen174
\pgf@pathminx=\dimen175
\pgf@pathmaxx=\dimen176
\pgf@pathminy=\dimen177
\pgf@pathmaxy=\dimen178
\pgf@xx=\dimen179
\pgf@xy=\dimen180
\pgf@yx=\dimen181
\pgf@yy=\dimen182
\pgf@zx=\dimen183
\pgf@zy=\dimen184
) (/usr/local/texlive/2022/texmf-dist/tex/generic/pgf/basiclayer/pgfcorepathconstruct.code.tex
File: pgfcorepathconstruct.code.tex 2021/05/15 v3.1.9a (3.1.9a)
\pgf@path@lastx=\dimen185
\pgf@path@lasty=\dimen186
) (/usr/local/texlive/2022/texmf-dist/tex/generic/pgf/basiclayer/pgfcorepathusage.code.tex
File: pgfcorepathusage.code.tex 2021/05/15 v3.1.9a (3.1.9a)
\pgf@shorten@end@additional=\dimen187
\pgf@shorten@start@additional=\dimen188
)
(/usr/local/texlive/2022/texmf-dist/tex/generic/pgf/basiclayer/pgfcorescopes.code.tex
File: pgfcorescopes.code.tex 2021/05/15 v3.1.9a (3.1.9a)
\pgfpic=\box61
\pgf@hbox=\box62
\pgf@layerbox@main=\box63
\pgf@picture@serial@count=\count290
) (/usr/local/texlive/2022/texmf-dist/tex/generic/pgf/basiclayer/pgfcoregraphicstate.code.tex
File: pgfcoregraphicstate.code.tex 2021/05/15 v3.1.9a (3.1.9a)
\pgflinewidth=\dimen189
) (/usr/local/texlive/2022/texmf-dist/tex/generic/pgf/basiclayer/pgfcoretransformations.code.tex
File: pgfcoretransformations.code.tex 2021/05/15 v3.1.9a (3.1.9a)
\pgf@pt@x=\dimen190
\pgf@pt@y=\dimen191
\pgf@pt@temp=\dimen192
) (/usr/local/texlive/2022/texmf-dist/tex/generic/pgf/basiclayer/pgfcorequick.code.tex
File: pgfcorequick.code.tex 2021/05/15 v3.1.9a (3.1.9a)
) (/usr/local/texlive/2022/texmf-dist/tex/generic/pgf/basiclayer/pgfcoreobjects.code.tex
File: pgfcoreobjects.code.tex 2021/05/15 v3.1.9a (3.1.9a)
) (/usr/local/texlive/2022/texmf-dist/tex/generic/pgf/basiclayer/pgfcorepathprocessing.code.tex
File: pgfcorepathprocessing.code.tex 2021/05/15 v3.1.9a (3.1.9a)
) (/usr/local/texlive/2022/texmf-dist/tex/generic/pgf/basiclayer/pgfcorearrows.code.tex
File: pgfcorearrows.code.tex 2021/05/15 v3.1.9a (3.1.9a)
\pgfarrowsep=\dimen193
) (/usr/local/texlive/2022/texmf-dist/tex/generic/pgf/basiclayer/pgfcoreshade.code.tex
File: pgfcoreshade.code.tex 2021/05/15 v3.1.9a (3.1.9a)
\pgf@max=\dimen194
\pgf@sys@shading@range@num=\count291
\pgf@shadingcount=\count292
) (/usr/local/texlive/2022/texmf-dist/tex/generic/pgf/basiclayer/pgfcoreimage.code.tex
File: pgfcoreimage.code.tex 2021/05/15 v3.1.9a (3.1.9a)
 (/usr/local/texlive/2022/texmf-dist/tex/generic/pgf/basiclayer/pgfcoreexternal.code.tex
File: pgfcoreexternal.code.tex 2021/05/15 v3.1.9a (3.1.9a)
\pgfexternal@startupbox=\box64
)) (/usr/local/texlive/2022/texmf-dist/tex/generic/pgf/basiclayer/pgfcorelayers.code.tex
File: pgfcorelayers.code.tex 2021/05/15 v3.1.9a (3.1.9a)
) (/usr/local/texlive/2022/texmf-dist/tex/generic/pgf/basiclayer/pgfcoretransparency.code.tex
File: pgfcoretransparency.code.tex 2021/05/15 v3.1.9a (3.1.9a)
) (/usr/local/texlive/2022/texmf-dist/tex/generic/pgf/basiclayer/pgfcorepatterns.code.tex
File: pgfcorepatterns.code.tex 2021/05/15 v3.1.9a (3.1.9a)
) (/usr/local/texlive/2022/texmf-dist/tex/generic/pgf/basiclayer/pgfcorerdf.code.tex
File: pgfcorerdf.code.tex 2021/05/15 v3.1.9a (3.1.9a)
))) (/usr/local/texlive/2022/texmf-dist/tex/generic/pgf/modules/pgfmoduleshapes.code.tex
File: pgfmoduleshapes.code.tex 2021/05/15 v3.1.9a (3.1.9a)
\pgfnodeparttextbox=\box65
) (/usr/local/texlive/2022/texmf-dist/tex/generic/pgf/modules/pgfmoduleplot.code.tex
File: pgfmoduleplot.code.tex 2021/05/15 v3.1.9a (3.1.9a)
) (/usr/local/texlive/2022/texmf-dist/tex/latex/pgf/compatibility/pgfcomp-version-0-65.sty
Package: pgfcomp-version-0-65 2021/05/15 v3.1.9a (3.1.9a)
\pgf@nodesepstart=\dimen195
\pgf@nodesepend=\dimen196
) (/usr/local/texlive/2022/texmf-dist/tex/latex/pgf/compatibility/pgfcomp-version-1-18.sty
Package: pgfcomp-version-1-18 2021/05/15 v3.1.9a (3.1.9a)
)) (/usr/local/texlive/2022/texmf-dist/tex/latex/pgf/utilities/pgffor.sty (/usr/local/texlive/2022/texmf-dist/tex/latex/pgf/utilities/pgfkeys.sty (/usr/local/texlive/2022/texmf-dist/tex/generic/pgf/utilities/pgfkeys.code.tex)) (/usr/local/texlive/2022/texmf-dist/tex/latex/pgf/math/pgfmath.sty (/usr/local/texlive/2022/texmf-dist/tex/generic/pgf/math/pgfmath.code.tex)) (/usr/local/texlive/2022/texmf-dist/tex/generic/pgf/utilities/pgffor.code.tex
Package: pgffor 2021/05/15 v3.1.9a (3.1.9a)

(/usr/local/texlive/2022/texmf-dist/tex/generic/pgf/math/pgfmath.code.tex)
\pgffor@iter=\dimen197
\pgffor@skip=\dimen198
\pgffor@stack=\toks42
\pgffor@toks=\toks43
)) (/usr/local/texlive/2022/texmf-dist/tex/generic/pgf/frontendlayer/tikz/tikz.code.tex
Package: tikz 2021/05/15 v3.1.9a (3.1.9a)
 (/usr/local/texlive/2022/texmf-dist/tex/generic/pgf/libraries/pgflibraryplothandlers.code.tex
File: pgflibraryplothandlers.code.tex 2021/05/15 v3.1.9a (3.1.9a)
\pgf@plot@mark@count=\count293
\pgfplotmarksize=\dimen199
)
\tikz@lastx=\dimen256
\tikz@lasty=\dimen257
\tikz@lastxsaved=\dimen258
\tikz@lastysaved=\dimen259
\tikz@lastmovetox=\dimen260
\tikz@lastmovetoy=\dimen261
\tikzleveldistance=\dimen262
\tikzsiblingdistance=\dimen263
\tikz@figbox=\box66
\tikz@figbox@bg=\box67
\tikz@tempbox=\box68
\tikz@tempbox@bg=\box69
\tikztreelevel=\count294
\tikznumberofchildren=\count295
\tikznumberofcurrentchild=\count296
\tikz@fig@count=\count297
 (/usr/local/texlive/2022/texmf-dist/tex/generic/pgf/modules/pgfmodulematrix.code.tex
File: pgfmodulematrix.code.tex 2021/05/15 v3.1.9a (3.1.9a)
\pgfmatrixcurrentrow=\count298
\pgfmatrixcurrentcolumn=\count299
\pgf@matrix@numberofcolumns=\count300
)
\tikz@expandcount=\count301
 (/usr/local/texlive/2022/texmf-dist/tex/generic/pgf/frontendlayer/tikz/libraries/tikzlibrarytopaths.code.tex
File: tikzlibrarytopaths.code.tex 2021/05/15 v3.1.9a (3.1.9a)
))) (/usr/local/texlive/2022/texmf-dist/tex/generic/pgf/frontendlayer/tikz/libraries/tikzlibrarypositioning.code.tex
File: tikzlibrarypositioning.code.tex 2021/05/15 v3.1.9a (3.1.9a)
) (/usr/local/texlive/2022/texmf-dist/tex/latex/tools/calc.sty
Package: calc 2017/05/25 v4.3 Infix arithmetic (KKT,FJ)
\calc@Acount=\count302
\calc@Bcount=\count303
\calc@Adimen=\dimen264
\calc@Bdimen=\dimen265
\calc@Askip=\skip57
\calc@Bskip=\skip58
LaTeX Info: Redefining \setlength on input line 80.
LaTeX Info: Redefining \addtolength on input line 81.
\calc@Ccount=\count304
\calc@Cskip=\skip59
)
\c@@todonotes@numberoftodonotes=\count305
)) (/usr/local/texlive/2022/texmf-dist/tex/latex/savesym/savesym.sty
Package: savesym 2013/09/02 v1.2 Saves and restores symbols (JG)
) (/usr/local/texlive/2022/texmf-dist/tex/latex/cases/cases.sty
Package: cases 2020/03/29 ver 3.2
\numc@numwid=\dimen266
) (/usr/local/texlive/2022/texmf-dist/tex/latex/hyperref/hyperref.sty
Package: hyperref 2022-02-21 v7.00n Hypertext links for LaTeX
 (/usr/local/texlive/2022/texmf-dist/tex/generic/ltxcmds/ltxcmds.sty
Package: ltxcmds 2020-05-10 v1.25 LaTeX kernel commands for general use (HO)
) (/usr/local/texlive/2022/texmf-dist/tex/generic/iftex/iftex.sty
Package: iftex 2022/02/03 v1.0f TeX engine tests
) (/usr/local/texlive/2022/texmf-dist/tex/generic/pdftexcmds/pdftexcmds.sty
Package: pdftexcmds 2020-06-27 v0.33 Utility functions of pdfTeX for LuaTeX (HO)
 (/usr/local/texlive/2022/texmf-dist/tex/generic/infwarerr/infwarerr.sty
Package: infwarerr 2019/12/03 v1.5 Providing info/warning/error messages (HO)
)
Package pdftexcmds Info: \pdf@primitive is available.
Package pdftexcmds Info: \pdf@ifprimitive is available.
Package pdftexcmds Info: \pdfdraftmode found.
) (/usr/local/texlive/2022/texmf-dist/tex/generic/kvsetkeys/kvsetkeys.sty
Package: kvsetkeys 2019/12/15 v1.18 Key value parser (HO)
) (/usr/local/texlive/2022/texmf-dist/tex/generic/kvdefinekeys/kvdefinekeys.sty
Package: kvdefinekeys 2019-12-19 v1.6 Define keys (HO)
) (/usr/local/texlive/2022/texmf-dist/tex/generic/pdfescape/pdfescape.sty
Package: pdfescape 2019/12/09 v1.15 Implements pdfTeX's escape features (HO)
) (/usr/local/texlive/2022/texmf-dist/tex/latex/hycolor/hycolor.sty
Package: hycolor 2020-01-27 v1.10 Color options for hyperref/bookmark (HO)
) (/usr/local/texlive/2022/texmf-dist/tex/latex/letltxmacro/letltxmacro.sty
Package: letltxmacro 2019/12/03 v1.6 Let assignment for LaTeX macros (HO)
) (/usr/local/texlive/2022/texmf-dist/tex/latex/auxhook/auxhook.sty
Package: auxhook 2019-12-17 v1.6 Hooks for auxiliary files (HO)
) (/usr/local/texlive/2022/texmf-dist/tex/latex/kvoptions/kvoptions.sty
Package: kvoptions 2020-10-07 v3.14 Key value format for package options (HO)
)
\@linkdim=\dimen267
\Hy@linkcounter=\count306
\Hy@pagecounter=\count307
 (/usr/local/texlive/2022/texmf-dist/tex/latex/hyperref/pd1enc.def
File: pd1enc.def 2022-02-21 v7.00n Hyperref: PDFDocEncoding definition (HO)
Now handling font encoding PD1 ...
... no UTF-8 mapping file for font encoding PD1
) (/usr/local/texlive/2022/texmf-dist/tex/generic/intcalc/intcalc.sty
Package: intcalc 2019/12/15 v1.3 Expandable calculations with integers (HO)
) (/usr/local/texlive/2022/texmf-dist/tex/generic/etexcmds/etexcmds.sty
Package: etexcmds 2019/12/15 v1.7 Avoid name clashes with e-TeX commands (HO)
)
\Hy@SavedSpaceFactor=\count308
 (/usr/local/texlive/2022/texmf-dist/tex/latex/hyperref/puenc.def
File: puenc.def 2022-02-21 v7.00n Hyperref: PDF Unicode definition (HO)
Now handling font encoding PU ...
... no UTF-8 mapping file for font encoding PU
)
Package hyperref Info: Hyper figures OFF on input line 4137.
Package hyperref Info: Link nesting OFF on input line 4142.
Package hyperref Info: Hyper index ON on input line 4145.
Package hyperref Info: Plain pages OFF on input line 4152.
Package hyperref Info: Backreferencing OFF on input line 4157.
Package hyperref Info: Implicit mode ON; LaTeX internals redefined.
Package hyperref Info: Bookmarks ON on input line 4390.
\c@Hy@tempcnt=\count309
 (/usr/local/texlive/2022/texmf-dist/tex/latex/url/url.sty
\Urlmuskip=\muskip17
Package: url 2013/09/16  ver 3.4  Verb mode for urls, etc.
)
LaTeX Info: Redefining \url on input line 4749.
\XeTeXLinkMargin=\dimen268
 (/usr/local/texlive/2022/texmf-dist/tex/generic/bitset/bitset.sty
Package: bitset 2019/12/09 v1.3 Handle bit-vector datatype (HO)

(/usr/local/texlive/2022/texmf-dist/tex/generic/bigintcalc/bigintcalc.sty
Package: bigintcalc 2019/12/15 v1.5 Expandable calculations on big integers (HO)
))
\Fld@menulength=\count310
\Field@Width=\dimen269
\Fld@charsize=\dimen270
Package hyperref Info: Hyper figures OFF on input line 6027.
Package hyperref Info: Link nesting OFF on input line 6032.
Package hyperref Info: Hyper index ON on input line 6035.
Package hyperref Info: backreferencing OFF on input line 6042.
Package hyperref Info: Link coloring OFF on input line 6047.
Package hyperref Info: Link coloring with OCG OFF on input line 6052.
Package hyperref Info: PDF/A mode OFF on input line 6057.
LaTeX Info: Redefining \ref on input line 6097.
LaTeX Info: Redefining \pageref on input line 6101.
 (/usr/local/texlive/2022/texmf-dist/tex/latex/base/atbegshi-ltx.sty
Package: atbegshi-ltx 2021/01/10 v1.0c Emulation of the original atbegshi
package with kernel methods
)
\Hy@abspage=\count311
\c@Item=\count312
\c@Hfootnote=\count313
)
Package hyperref Info: Driver (autodetected): hpdftex.
 (/usr/local/texlive/2022/texmf-dist/tex/latex/hyperref/hpdftex.def
File: hpdftex.def 2022-02-21 v7.00n Hyperref driver for pdfTeX
 (/usr/local/texlive/2022/texmf-dist/tex/latex/base/atveryend-ltx.sty
Package: atveryend-ltx 2020/08/19 v1.0a Emulation of the original atveryend package
with kernel methods
)
\Fld@listcount=\count314
\c@bookmark@seq@number=\count315
 (/usr/local/texlive/2022/texmf-dist/tex/latex/rerunfilecheck/rerunfilecheck.sty
Package: rerunfilecheck 2019/12/05 v1.9 Rerun checks for auxiliary files (HO)
 (/usr/local/texlive/2022/texmf-dist/tex/generic/uniquecounter/uniquecounter.sty
Package: uniquecounter 2019/12/15 v1.4 Provide unlimited unique counter (HO)
)
Package uniquecounter Info: New unique counter `rerunfilecheck' on input line 286.
)
\Hy@SectionHShift=\skip60
)
Package hyperref Info: Option `colorlinks' set `true' on input line 78.
 (/usr/local/texlive/2022/texmf-dist/tex/latex/subfigure/subfigure.sty
Package: subfigure 2002/03/15 v2.1.5 subfigure package
\subfigtopskip=\skip61
\subfigcapskip=\skip62
\subfigcaptopadj=\dimen271
\subfigbottomskip=\skip63
\subfigcapmargin=\dimen272
\subfiglabelskip=\skip64
\c@subfigure=\count316
\c@lofdepth=\count317
\c@subtable=\count318
\c@lotdepth=\count319

****************************************
* Local config file subfigure.cfg used *
****************************************
(/usr/local/texlive/2022/texmf-dist/tex/latex/subfigure/subfigure.cfg)
\subfig@top=\skip65
\subfig@bottom=\skip66
) (/usr/local/texlive/2022/texmf-dist/tex/latex/booktabs/booktabs.sty
Package: booktabs 2020/01/12 v1.61803398 Publication quality tables
\heavyrulewidth=\dimen273
\lightrulewidth=\dimen274
\cmidrulewidth=\dimen275
\belowrulesep=\dimen276
\belowbottomsep=\dimen277
\aboverulesep=\dimen278
\abovetopsep=\dimen279
\cmidrulesep=\dimen280
\cmidrulekern=\dimen281
\defaultaddspace=\dimen282
\@cmidla=\count320
\@cmidlb=\count321
\@aboverulesep=\dimen283
\@belowrulesep=\dimen284
\@thisruleclass=\count322
\@lastruleclass=\count323
\@thisrulewidth=\dimen285
) (/usr/local/texlive/2022/texmf-dist/tex/latex/float/float.sty
Package: float 2001/11/08 v1.3d Float enhancements (AL)
\c@float@type=\count324
\float@exts=\toks44
\float@box=\box70
\@float@everytoks=\toks45
\@floatcapt=\box71
) (/Users/wisdom/Desktop/PhaseCANN/.texpadtmp/PhaseCANN.aux)
\openout1 = `PhaseCANN.aux'.

LaTeX Font Info:    Checking defaults for OML/cmm/m/it on input line 89.
LaTeX Font Info:    ... okay on input line 89.
LaTeX Font Info:    Checking defaults for OMS/cmsy/m/n on input line 89.
LaTeX Font Info:    ... okay on input line 89.
LaTeX Font Info:    Checking defaults for OT1/cmr/m/n on input line 89.
LaTeX Font Info:    ... okay on input line 89.
LaTeX Font Info:    Checking defaults for T1/cmr/m/n on input line 89.
LaTeX Font Info:    ... okay on input line 89.
LaTeX Font Info:    Checking defaults for TS1/cmr/m/n on input line 89.
LaTeX Font Info:    ... okay on input line 89.
LaTeX Font Info:    Checking defaults for OMX/cmex/m/n on input line 89.
LaTeX Font Info:    ... okay on input line 89.
LaTeX Font Info:    Checking defaults for U/cmr/m/n on input line 89.
LaTeX Font Info:    ... okay on input line 89.
LaTeX Font Info:    Checking defaults for PD1/pdf/m/n on input line 89.
LaTeX Font Info:    ... okay on input line 89.
LaTeX Font Info:    Checking defaults for PU/pdf/m/n on input line 89.
LaTeX Font Info:    ... okay on input line 89.
 (/usr/local/texlive/2022/texmf-dist/tex/context/base/mkii/supp-pdf.mkii
[Loading MPS to PDF converter (version 2006.09.02).]
\scratchcounter=\count325
\scratchdimen=\dimen286
\scratchbox=\box72
\nofMPsegments=\count326
\nofMParguments=\count327
\everyMPshowfont=\toks46
\MPscratchCnt=\count328
\MPscratchDim=\dimen287
\MPnumerator=\count329
\makeMPintoPDFobject=\count330
\everyMPtoPDFconversion=\toks47
) (/usr/local/texlive/2022/texmf-dist/tex/latex/epstopdf-pkg/epstopdf-base.sty
Package: epstopdf-base 2020-01-24 v2.11 Base part for package epstopdf
Package epstopdf-base Info: Redefining graphics rule for `.eps' on input line 485.
 (/usr/local/texlive/2022/texmf-dist/tex/latex/latexconfig/epstopdf-sys.cfg
File: epstopdf-sys.cfg 2010/07/13 v1.3 Configuration of (r)epstopdf for TeX Live
))

Package todonotes Warning: The length marginparwidth is less than 2cm and will most likely cause issues with the appearance of inserted todonotes. The issue can be solved by adding a line like \setlength {\marginparwidth }{2cm} prior to loading the todonotes package. on input line 89.

Package hyperref Info: Link coloring ON on input line 89.
(/usr/local/texlive/2022/texmf-dist/tex/latex/hyperref/nameref.sty
Package: nameref 2021-04-02 v2.47 Cross-referencing by name of section
 (/usr/local/texlive/2022/texmf-dist/tex/latex/refcount/refcount.sty
Package: refcount 2019/12/15 v3.6 Data extraction from label references (HO)
) (/usr/local/texlive/2022/texmf-dist/tex/generic/gettitlestring/gettitlestring.sty
Package: gettitlestring 2019/12/15 v1.6 Cleanup title references (HO)
)
\c@section@level=\count331
)
LaTeX Info: Redefining \ref on input line 89.
LaTeX Info: Redefining \pageref on input line 89.
LaTeX Info: Redefining \nameref on input line 89.
 (/Users/wisdom/Desktop/PhaseCANN/.texpadtmp/PhaseCANN.out) (/Users/wisdom/Desktop/PhaseCANN/.texpadtmp/PhaseCANN.out)
\@outlinefile=\write5
\openout5 = `PhaseCANN.out'.

LaTeX Font Info:    Trying to load font information for U+msa on input line 186.
 (/usr/local/texlive/2022/texmf-dist/tex/latex/amsfonts/umsa.fd
File: umsa.fd 2013/01/14 v3.01 AMS symbols A
)
LaTeX Font Info:    Trying to load font information for U+msb on input line 186.
 (/usr/local/texlive/2022/texmf-dist/tex/latex/amsfonts/umsb.fd
File: umsb.fd 2013/01/14 v3.01 AMS symbols B
)
Overfull \hbox (2.61108pt too wide) has occurred while \output is active
[] 
 []

[1


{/usr/local/texlive/2022/texmf-var/fonts/map/pdftex/updmap/pdftex.map}] [2]
<Figure/2D_structure.png, id=138, 434.496pt x 373.833pt>
File: Figure/2D_structure.png Graphic file (type png)
<use Figure/2D_structure.png>
Package pdftex.def Info: Figure/2D_structure.png  used on input line 218.
(pdftex.def)             Requested size: 175.49881pt x 150.99652pt.
<Figure/3D_structure.png, id=140, 1042.44pt x 1042.44pt>
File: Figure/3D_structure.png Graphic file (type png)
<use Figure/3D_structure.png>
Package pdftex.def Info: Figure/3D_structure.png  used on input line 223.
(pdftex.def)             Requested size: 175.49881pt x 175.49457pt.
 [3] [4
pdfTeX warning (ext4): destination with the same identifier (name{figure.1}) has been already used, duplicate ignored
<argument> ...shipout:D \box_use:N \l_shipout_box 
                                                  \__shipout_drop_firstpage_...
l.245 
       <./Figure/2D_structure.png> <./Figure/3D_structure.png>]
<Figure/weight_profile.png, id=168, 462.528pt x 346.896pt>
File: Figure/weight_profile.png Graphic file (type png)
<use Figure/weight_profile.png>
Package pdftex.def Info: Figure/weight_profile.png  used on input line 267.
(pdftex.def)             Requested size: 312.00119pt x 234.01236pt.
 [5] [6
pdfTeX warning (ext4): destination with the same identifier (name{figure.2}) has been already used, duplicate ignored
<argument> ...shipout:D \box_use:N \l_shipout_box 
                                                  \__shipout_drop_firstpage_...
l.282 \begin{equation}
                      \label{eq:weight_gc} <./Figure/weight_profile.png>]
<Figure/w-p-g.png, id=196, 598.746pt x 468.879pt>
File: Figure/w-p-g.png Graphic file (type png)
<use Figure/w-p-g.png>
Package pdftex.def Info: Figure/w-p-g.png  used on input line 301.
(pdftex.def)             Requested size: 350.99762pt x 274.87619pt.


Package natbib Warning: Citation `McNaughton2006c' on page 7 undefined on input line 317.

[7] [8
pdfTeX warning (ext4): destination with the same identifier (name{figure.3}) has been already used, duplicate ignored
<argument> ...shipout:D \box_use:N \l_shipout_box 
                                                  \__shipout_drop_firstpage_...
l.320 \end{align}
                  <./Figure/w-p-g.png>] [9]
<Figure/show_excitation_1.png, id=242, 346.896pt x 346.896pt>
File: Figure/show_excitation_1.png Graphic file (type png)
<use Figure/show_excitation_1.png>
Package pdftex.def Info: Figure/show_excitation_1.png  used on input line 375.
(pdftex.def)             Requested size: 97.5pt x 97.50073pt.
<Figure/show_excitation_2.png, id=243, 346.896pt x 346.896pt>
File: Figure/show_excitation_2.png Graphic file (type png)
<use Figure/show_excitation_2.png>
Package pdftex.def Info: Figure/show_excitation_2.png  used on input line 380.
(pdftex.def)             Requested size: 97.5pt x 97.50073pt.
<Figure/show_excitation_3.png, id=244, 346.896pt x 346.896pt>
File: Figure/show_excitation_3.png Graphic file (type png)
<use Figure/show_excitation_3.png>
Package pdftex.def Info: Figure/show_excitation_3.png  used on input line 385.
(pdftex.def)             Requested size: 97.5pt x 97.50073pt.
<Figure/show_excitation_4.png, id=245, 346.896pt x 346.896pt>
File: Figure/show_excitation_4.png Graphic file (type png)
<use Figure/show_excitation_4.png>
Package pdftex.def Info: Figure/show_excitation_4.png  used on input line 390.
(pdftex.def)             Requested size: 97.5pt x 97.50073pt.
 [10
pdfTeX warning (ext4): destination with the same identifier (name{table.1}) has been already used, duplicate ignored
<argument> ...shipout:D \box_use:N \l_shipout_box 
                                                  \__shipout_drop_firstpage_...
l.400 \begin{equation}
                      \label{eq:offsets}] [11
pdfTeX warning (ext4): destination with the same identifier (name{figure.4}) has been already used, duplicate ignored
<argument> ...shipout:D \box_use:N \l_shipout_box 
                                                  \__shipout_drop_firstpage_...
l.420 \begin{equation}
                      \label{convolution_kernel} <./Figure/show_excitation_1.png> <./Figure/show_excitation_2.png> <./Figure/show_excitation_3.png> <./Figure/show_excitation_4.png>]
<Figure/drive_bump_1.png, id=278, 346.896pt x 346.896pt>
File: Figure/drive_bump_1.png Graphic file (type png)
<use Figure/drive_bump_1.png>
Package pdftex.def Info: Figure/drive_bump_1.png  used on input line 446.
(pdftex.def)             Requested size: 77.99881pt x 77.99529pt.
<Figure/drive_bump_3.png, id=279, 346.896pt x 346.896pt>
File: Figure/drive_bump_3.png Graphic file (type png)
<use Figure/drive_bump_3.png>
Package pdftex.def Info: Figure/drive_bump_3.png  used on input line 451.
(pdftex.def)             Requested size: 77.99881pt x 77.99529pt.
<Figure/drive_bump_5.png, id=280, 346.896pt x 346.896pt>
File: Figure/drive_bump_5.png Graphic file (type png)
<use Figure/drive_bump_5.png>
Package pdftex.def Info: Figure/drive_bump_5.png  used on input line 456.
(pdftex.def)             Requested size: 77.99881pt x 77.99529pt.
<Figure/drive_bump_7.png, id=281, 346.896pt x 346.896pt>
File: Figure/drive_bump_7.png Graphic file (type png)
<use Figure/drive_bump_7.png>
Package pdftex.def Info: Figure/drive_bump_7.png  used on input line 461.
(pdftex.def)             Requested size: 77.99881pt x 77.99529pt.
<Figure/drive_bump_9.png, id=282, 346.896pt x 346.896pt>
File: Figure/drive_bump_9.png Graphic file (type png)
<use Figure/drive_bump_9.png>
Package pdftex.def Info: Figure/drive_bump_9.png  used on input line 466.
(pdftex.def)             Requested size: 77.99881pt x 77.99529pt.
<Figure/drive_bump_11.png, id=283, 346.896pt x 346.896pt>
File: Figure/drive_bump_11.png Graphic file (type png)
<use Figure/drive_bump_11.png>
Package pdftex.def Info: Figure/drive_bump_11.png  used on input line 473.
(pdftex.def)             Requested size: 77.99881pt x 77.99529pt.
<Figure/drive_bump_13.png, id=284, 346.896pt x 346.896pt>
File: Figure/drive_bump_13.png Graphic file (type png)
<use Figure/drive_bump_13.png>
Package pdftex.def Info: Figure/drive_bump_13.png  used on input line 478.
(pdftex.def)             Requested size: 77.99881pt x 77.99529pt.
<Figure/drive_bump_15.png, id=285, 346.896pt x 346.896pt>
File: Figure/drive_bump_15.png Graphic file (type png)
<use Figure/drive_bump_15.png>
Package pdftex.def Info: Figure/drive_bump_15.png  used on input line 483.
(pdftex.def)             Requested size: 77.99881pt x 77.99529pt.
<Figure/drive_bump_17.png, id=286, 346.896pt x 346.896pt>
File: Figure/drive_bump_17.png Graphic file (type png)
<use Figure/drive_bump_17.png>
Package pdftex.def Info: Figure/drive_bump_17.png  used on input line 488.
(pdftex.def)             Requested size: 77.99881pt x 77.99529pt.
<Figure/drive_bump_19.png, id=287, 346.896pt x 346.896pt>
File: Figure/drive_bump_19.png Graphic file (type png)
<use Figure/drive_bump_19.png>
Package pdftex.def Info: Figure/drive_bump_19.png  used on input line 493.
(pdftex.def)             Requested size: 77.99881pt x 77.99529pt.
 [12
pdfTeX warning (ext4): destination with the same identifier (name{figure.5}) has been already used, duplicate ignored
<argument> ...shipout:D \box_use:N \l_shipout_box 
                                                  \__shipout_drop_firstpage_...
l.499 
       <./Figure/drive_bump_1.png> <./Figure/drive_bump_3.png> <./Figure/drive_bump_5.png> <./Figure/drive_bump_7.png> <./Figure/drive_bump_9.png> <./Figure/drive_bump_11.png> <./Figure/drive_bump_13.png> <./Figure/drive_bump_15.png> <./Figure/drive_bump_17.png> <./Figure/drive_bump_19.png>]
<Figure/single_neuron_firing_1.png, id=324, 361.35pt x 361.35pt>
File: Figure/single_neuron_firing_1.png Graphic file (type png)
<use Figure/single_neuron_firing_1.png>
Package pdftex.def Info: Figure/single_neuron_firing_1.png  used on input line 509.
(pdftex.def)             Requested size: 128.70071pt x 128.70195pt.
<Figure/single_neuron_firing_2.png, id=325, 361.35pt x 361.35pt>
File: Figure/single_neuron_firing_2.png Graphic file (type png)
<use Figure/single_neuron_firing_2.png>
Package pdftex.def Info: Figure/single_neuron_firing_2.png  used on input line 514.
(pdftex.def)             Requested size: 128.70071pt x 128.70195pt.
<Figure/single_neuron_firing_3.png, id=326, 361.35pt x 361.35pt>
File: Figure/single_neuron_firing_3.png Graphic file (type png)
<use Figure/single_neuron_firing_3.png>
Package pdftex.def Info: Figure/single_neuron_firing_3.png  used on input line 519.
(pdftex.def)             Requested size: 128.70071pt x 128.70195pt.
 [13
pdfTeX warning (ext4): destination with the same identifier (name{figure.6}) has been already used, duplicate ignored
<argument> ...shipout:D \box_use:N \l_shipout_box 
                                                  \__shipout_drop_firstpage_...
l.525 
       <./Figure/single_neuron_firing_1.png> <./Figure/single_neuron_firing_2.png> <./Figure/single_neuron_firing_3.png>]
<Figure/single_neuron_firing_1.0_0.00.png, id=344, 361.35pt x 361.35pt>
File: Figure/single_neuron_firing_1.0_0.00.png Graphic file (type png)
<use Figure/single_neuron_firing_1.0_0.00.png>
Package pdftex.def Info: Figure/single_neuron_firing_1.0_0.00.png  used on input line 535.
(pdftex.def)             Requested size: 128.70071pt x 128.70195pt.
<Figure/single_neuron_firing_1.0_0.52.png, id=345, 361.35pt x 361.35pt>
File: Figure/single_neuron_firing_1.0_0.52.png Graphic file (type png)
<use Figure/single_neuron_firing_1.0_0.52.png>
Package pdftex.def Info: Figure/single_neuron_firing_1.0_0.52.png  used on input line 540.
(pdftex.def)             Requested size: 128.70071pt x 128.70195pt.
<Figure/single_neuron_firing_1.0_0.79.png, id=346, 361.35pt x 361.35pt>
File: Figure/single_neuron_firing_1.0_0.79.png Graphic file (type png)
<use Figure/single_neuron_firing_1.0_0.79.png>
Package pdftex.def Info: Figure/single_neuron_firing_1.0_0.79.png  used on input line 545.
(pdftex.def)             Requested size: 128.70071pt x 128.70195pt.
<Figure/single_neuron_firing_1.2_0.00.png, id=347, 361.35pt x 361.35pt>
File: Figure/single_neuron_firing_1.2_0.00.png Graphic file (type png)
<use Figure/single_neuron_firing_1.2_0.00.png>
Package pdftex.def Info: Figure/single_neuron_firing_1.2_0.00.png  used on input line 553.
(pdftex.def)             Requested size: 128.70071pt x 128.70195pt.
<Figure/single_neuron_firing_1.2_0.52.png, id=348, 361.35pt x 361.35pt>
File: Figure/single_neuron_firing_1.2_0.52.png Graphic file (type png)
<use Figure/single_neuron_firing_1.2_0.52.png>
Package pdftex.def Info: Figure/single_neuron_firing_1.2_0.52.png  used on input line 558.
(pdftex.def)             Requested size: 128.70071pt x 128.70195pt.
<Figure/single_neuron_firing_1.2_0.79.png, id=349, 361.35pt x 361.35pt>
File: Figure/single_neuron_firing_1.2_0.79.png Graphic file (type png)
<use Figure/single_neuron_firing_1.2_0.79.png>
Package pdftex.def Info: Figure/single_neuron_firing_1.2_0.79.png  used on input line 563.
(pdftex.def)             Requested size: 128.70071pt x 128.70195pt.
<Figure/single_neuron_firing_1.5_0.00.png, id=350, 361.35pt x 361.35pt>
File: Figure/single_neuron_firing_1.5_0.00.png Graphic file (type png)
<use Figure/single_neuron_firing_1.5_0.00.png>
Package pdftex.def Info: Figure/single_neuron_firing_1.5_0.00.png  used on input line 570.
(pdftex.def)             Requested size: 128.70071pt x 128.70195pt.
<Figure/single_neuron_firing_1.5_0.52.png, id=351, 361.35pt x 361.35pt>
File: Figure/single_neuron_firing_1.5_0.52.png Graphic file (type png)
<use Figure/single_neuron_firing_1.5_0.52.png>
Package pdftex.def Info: Figure/single_neuron_firing_1.5_0.52.png  used on input line 575.
(pdftex.def)             Requested size: 128.70071pt x 128.70195pt.
<Figure/single_neuron_firing_1.5_0.79.png, id=352, 361.35pt x 361.35pt>
File: Figure/single_neuron_firing_1.5_0.79.png Graphic file (type png)
<use Figure/single_neuron_firing_1.5_0.79.png>
Package pdftex.def Info: Figure/single_neuron_firing_1.5_0.79.png  used on input line 580.
(pdftex.def)             Requested size: 128.70071pt x 128.70195pt.
<Figure/diff_spacing.png, id=357, 722.7pt x 216.81pt>
File: Figure/diff_spacing.png Graphic file (type png)
<use Figure/diff_spacing.png>
Package pdftex.def Info: Figure/diff_spacing.png  used on input line 601.
(pdftex.def)             Requested size: 350.99762pt x 105.29828pt.
<Figure/diff_netsize.png, id=358, 722.7pt x 216.81pt>
File: Figure/diff_netsize.png Graphic file (type png)
<use Figure/diff_netsize.png>
Package pdftex.def Info: Figure/diff_netsize.png  used on input line 607.
(pdftex.def)             Requested size: 350.99762pt x 105.29828pt.
 [14] [15
pdfTeX warning (ext4): destination with the same identifier (name{figure.7}) has been already used, duplicate ignored
<argument> ...shipout:D \box_use:N \l_shipout_box 
                                                  \__shipout_drop_firstpage_...
l.614 
       <./Figure/single_neuron_firing_1.0_0.00.png> <./Figure/single_neuron_firing_1.0_0.52.png> <./Figure/single_neuron_firing_1.0_0.79.png> <./Figure/single_neuron_firing_1.2_0.00.png> <./Figure/single_neuron_firing_1.2_0.52.png> <./Figure/single_neuron_firing_1.2_0.79.png> <./Figure/single_neuron_firing_1.5_0.00.png> <./Figure/single_neuron_firing_1.5_0.52.png> <./Figure/single_neuron_firing_1.5_0.79.png>] [16
pdfTeX warning (ext4): destination with the same identifier (name{figure.8}) has been already used, duplicate ignored
<argument> ...shipout:D \box_use:N \l_shipout_box 
                                                  \__shipout_drop_firstpage_...
l.614 
       <./Figure/diff_spacing.png> <./Figure/diff_netsize.png>]
<Figure/PI_feedback.png, id=402, 722.7pt x 216.81pt>
File: Figure/PI_feedback.png Graphic file (type png)
<use Figure/PI_feedback.png>
Package pdftex.def Info: Figure/PI_feedback.png  used on input line 621.
(pdftex.def)             Requested size: 390.0pt x 116.99956pt.

Overfull \hbox (7.83325pt too wide) in paragraph at lines 621--622
 [][] 
 []

<Figure/PI_long.png, id=407, 722.7pt x 216.81pt>
File: Figure/PI_long.png Graphic file (type png)
<use Figure/PI_long.png>
Package pdftex.def Info: Figure/PI_long.png  used on input line 635.
(pdftex.def)             Requested size: 390.0pt x 116.99956pt.

Overfull \hbox (7.83325pt too wide) in paragraph at lines 635--636
 [][] 
 []

[17
pdfTeX warning (ext4): destination with the same identifier (name{figure.9}) has been already used, duplicate ignored
<argument> ...shipout:D \box_use:N \l_shipout_box 
                                                  \__shipout_drop_firstpage_...
l.641 \section
              {Declaration of Competing Interest} <./Figure/PI_feedback.png>] (/Users/wisdom/Desktop/PhaseCANN/.texpadtmp/PhaseCANN.bbl
Underfull \hbox (badness 3746) in paragraph at lines 22--29
[]\OT1/cmr/m/n/12 D. C. Row-land, Y. Roudi, M.-B. Moser, E. I. Moser, [][]Ten
 []


Underfull \hbox (badness 2302) in paragraph at lines 22--29
\OT1/cmr/m/n/12 years of grid cells[][] 39 19--40.  [][]$\OT1/cmtt/m/n/12 arXiv : 27023731$[][]\OT1/cmr/m/n/12 , [][]$\OT1/cmtt/m/n/12 doi : 10 . 1146 /
 []

[18
pdfTeX warning (ext4): destination with the same identifier (name{figure.10}) has been already used, duplicate ignored
<argument> ...shipout:D \box_use:N \l_shipout_box 
                                                  \__shipout_drop_firstpage_...
l.29 
      <./Figure/PI_long.png>]
Underfull \hbox (badness 10000) in paragraph at lines 75--82
\OT1/cmr/m/n/12 URL [][]$\OT1/cmtt/m/n/12 https : / / journals . plos . org / ploscompbiol / article ? id = 10 .
 []


Underfull \hbox (badness 10000) in paragraph at lines 84--91
\OT1/cmr/m/n/12 URL [][]$\OT1/cmtt/m/n/12 https : / / onlinelibrary . wiley . com / doi / abs / 10 . 1002 / hipo .
 []

[19]
Underfull \hbox (badness 10000) in paragraph at lines 93--99
\OT1/cmr/m/n/12 URL [][]$\OT1/cmtt/m/n/12 https : / / onlinelibrary . wiley . com / doi / abs / 10 . 1002 / hipo .
 []


Underfull \hbox (badness 10000) in paragraph at lines 101--108
\OT1/cmr/m/n/12 URL [][]$\OT1/cmtt/m/n/12 https : / / onlinelibrary . wiley . com / doi / abs / 10 . 1002 / hipo .
 []


Underfull \hbox (badness 1590) in paragraph at lines 110--118
[]\OT1/cmr/m/n/12 H. Pas-toll, L. Solanka, M. C. W. van Rossum, M. F. Nolan,
 []


Underfull \hbox (badness 10000) in paragraph at lines 110--118
[][]\OT1/cmr/m/n/12 Feed-back in-hi-bi-tion en-ables theta-nested gamma os-cil-la-tions
 []


Underfull \hbox (badness 10000) in paragraph at lines 110--118
\OT1/cmr/m/n/12 and grid fir-ing fields[][] 77 (1) 141--154.  [][]$\OT1/cmtt/m/n/12 arXiv : 23312522$[][]\OT1/cmr/m/n/12 ,
 []


Underfull \hbox (badness 10000) in paragraph at lines 110--118
\OT1/cmr/m/n/12 URL [][]$\OT1/cmtt/m/n/12 https : / / www . cell . com / neuron / abstract / S0896-[]6273(12 )
 []


Underfull \hbox (badness 10000) in paragraph at lines 120--127
\OT1/cmr/m/n/12 URL [][]$\OT1/cmtt/m/n/12 https : / / onlinelibrary . wiley . com / doi / abs / 10 . 1002 / hipo .
 []

[20] [21]
Underfull \hbox (badness 4144) in paragraph at lines 226--233
[]\OT1/cmr/m/n/12 Y. Bu-rak, I. R. Fi-ete, [][]Ac-cu-rate path in-te-gra-tion in con-tin-
 []


Underfull \hbox (badness 4582) in paragraph at lines 226--233
\OT1/cmr/m/n/12 u-ous at-trac-tor net-work mod-els of grid cells[][] 5 (2) e1000291.
 []


Underfull \hbox (badness 10000) in paragraph at lines 226--233
\OT1/cmr/m/n/12 URL [][]$\OT1/cmtt/m/n/12 https : / / journals . plos . org / ploscompbiol / article ? id = 10 .
 []


Underfull \hbox (badness 3168) in paragraph at lines 235--241
[]\OT1/cmr/m/n/12 A. Guanella, D. Kiper, P. Ver-schure, [][]A model of grid cells
 []


Underfull \hbox (badness 3907) in paragraph at lines 235--241
\OT1/cmr/m/n/12 based on a twisted torus topol-ogy[][] 17 (04) 231--240.  [][]$\OT1/cmtt/m/n/12 doi :
 []


Underfull \hbox (badness 10000) in paragraph at lines 235--241
\OT1/cmr/m/n/12 URL [][]$\OT1/cmtt/m/n/12 https : / / www . worldscientific . com / doi / abs / 10 . 1142 /
 []

[22]
Underfull \hbox (badness 10000) in paragraph at lines 309--315
\OT1/cmr/m/n/12 URL [][]$\OT1/cmtt/m/n/12 https : / / www . sciencedirect . com / science / article / pii /
 []

)

Package natbib Warning: There were undefined citations.

[23] (/Users/wisdom/Desktop/PhaseCANN/.texpadtmp/PhaseCANN.aux)
Package rerunfilecheck Info: File `PhaseCANN.out' has not changed.
(rerunfilecheck)             Checksum: BDA5D659C505F1E912F305456373085C;1448.
 ) 
Here is how much of TeX's memory you used:
 22820 strings out of 478268
 424923 string characters out of 5846347
 686076 words of memory out of 5000000
 40428 multiletter control sequences out of 15000+600000
 482952 words of font info for 78 fonts, out of 8000000 for 9000
 1141 hyphenation exceptions out of 8191
 114i,14n,108p,1503b,586s stack positions out of 10000i,1000n,20000p,200000b,200000s
</usr/local/texlive/2022/texmf-dist/fonts/type1/public/amsfonts/cm/cmbx12.pfb></usr/local/texlive/2022/texmf-dist/fonts/type1/public/amsfonts/cm/cmex10.pfb></usr/local/texlive/2022/texmf-dist/fonts/type1/public/amsfonts/cm/cmmi10.pfb></usr/local/texlive/2022/texmf-dist/fonts/type1/public/amsfonts/cm/cmmi12.pfb></usr/local/texlive/2022/texmf-dist/fonts/type1/public/amsfonts/cm/cmmi6.pfb></usr/local/texlive/2022/texmf-dist/fonts/type1/public/amsfonts/cm/cmmi8.pfb></usr/local/texlive/2022/texmf-dist/fonts/type1/public/amsfonts/cm/cmmib10.pfb></usr/local/texlive/2022/texmf-dist/fonts/type1/public/amsfonts/cmextra/cmmib6.pfb></usr/local/texlive/2022/texmf-dist/fonts/type1/public/amsfonts/cmextra/cmmib8.pfb></usr/local/texlive/2022/texmf-dist/fonts/type1/public/amsfonts/cm/cmr10.pfb></usr/local/texlive/2022/texmf-dist/fonts/type1/public/amsfonts/cm/cmr12.pfb></usr/local/texlive/2022/texmf-dist/fonts/type1/public/amsfonts/cm/cmr17.pfb></usr/local/texlive/2022/texmf-dist/fonts/type1/public/amsfonts/cm/cmr6.pfb></usr/local/texlive/2022/texmf-dist/fonts/type1/public/amsfonts/cm/cmr8.pfb></usr/local/texlive/2022/texmf-dist/fonts/type1/public/amsfonts/cm/cmsy10.pfb></usr/local/texlive/2022/texmf-dist/fonts/type1/public/amsfonts/cm/cmsy8.pfb></usr/local/texlive/2022/texmf-dist/fonts/type1/public/amsfonts/cm/cmti10.pfb></usr/local/texlive/2022/texmf-dist/fonts/type1/public/amsfonts/cm/cmti12.pfb></usr/local/texlive/2022/texmf-dist/fonts/type1/public/amsfonts/cm/cmti7.pfb></usr/local/texlive/2022/texmf-dist/fonts/type1/public/amsfonts/cm/cmtt12.pfb></usr/local/texlive/2022/texmf-dist/fonts/type1/public/amsfonts/symbols/msam10.pfb>
Output written on /Users/wisdom/Desktop/PhaseCANN/.texpadtmp/PhaseCANN.pdf (23 pages, 8041056 bytes).
PDF statistics:
 734 PDF objects out of 1000 (max. 8388607)
 590 compressed objects within 6 object streams
 145 named destinations out of 1000 (max. 500000)
 255 words of extra memory for PDF output out of 10000 (max. 10000000)

